# -*-compilation-*-
Processing `C:/AmharicHymnbook/HymnbookFiles/Output/Lilypond/OnePage/OnePage.ly'
Parsing...
C:/AmharicHymnbook/HymnbookFiles/Output/Lilypond/OnePage/../Lib/MusicCommon.ly:1:8: error: unknown escaped string: `\partcombineAutomatic'
pcAu = 
       \partcombineAutomatic
C:/AmharicHymnbook/HymnbookFiles/Output/Lilypond/OnePage/../Lib/MusicCommon.ly:2:8: error: unknown escaped string: `\partcombineApart'
pcAp = 
       \partcombineApart
C:/AmharicHymnbook/HymnbookFiles/Output/Lilypond/OnePage/../Lib/MusicCommon.ly:3:15: error: unknown escaped string: `\partcombineApart'
pcAO = {\once 
              \partcombineApart}
C:/AmharicHymnbook/HymnbookFiles/Output/Lilypond/OnePage/../Lib/MusicCommon.ly:3:15: error: wrong type for argument 1.  Expecting music, found "partcombineApart"
pcAO = {\once 
              \partcombineApart}
C:/AmharicHymnbook/HymnbookFiles/Output/Lilypond/OnePage/../Lib/MusicCommon.ly:4:16: error: unknown escaped string: `\partcombineApart'
pcAOb = {\once 
               \partcombineApart} %When needed for more than just the old reason
C:/AmharicHymnbook/HymnbookFiles/Output/Lilypond/OnePage/../Lib/MusicCommon.ly:4:16: error: wrong type for argument 1.  Expecting music, found "partcombineApart"
pcAOb = {\once 
               \partcombineApart} %When needed for more than just the old reason
C:/AmharicHymnbook/HymnbookFiles/Output/Lilypond/OnePage/../Lib/MusicCommon.ly:5:8: error: unknown escaped string: `\partcombineChords'
pcCh = 
       \partcombineChords
C:/AmharicHymnbook/HymnbookFiles/Output/Lilypond/OnePage/OnePageMusic.ly:37:19: error: unknown escaped string: `\partcombine'
GZZDDxBMusicRH =  
                  \partcombine #'(2 . 20)  \GZZDDxBMusicRHA \GZZDDxBMusicRHB
C:/AmharicHymnbook/HymnbookFiles/Output/Lilypond/OnePage/OnePageMusic.ly:64:19: error: unknown escaped string: `\partcombine'
GZZDDxBMusicLH =  
                  \partcombine #'(2 . 20)  \GZZDDxBMusicLHA \GZZDDxBMusicLHB
C:/AmharicHymnbook/HymnbookFiles/Output/Lilypond/OnePage/../Lib/HymnCommon.ly:23:5: error: unknown escaped string: `\partcombineChords'
j = 
    \partcombineChords
C:/AmharicHymnbook/HymnbookFiles/Output/Lilypond/OnePage/../Lib/HymnCommon.ly:24:8: error: unknown escaped string: `\partcombineAutomatic'
auto = 
       \partcombineAutomatic
C:/AmharicHymnbook/HymnbookFiles/Output/Lilypond/OnePage/../Lib/HymnCommon.ly:25:5: error: unknown escaped string: `\partcombineApart'
u = 
    \partcombineApart
C:/AmharicHymnbook/HymnbookFiles/Output/Lilypond/OnePage/OnePage.ly:63:39: error: syntax error, unexpected SCM_IDENTIFIER
            \context Voice = AVoiceRH 
                                      \GZZDDxBMusicRH
C:/AmharicHymnbook/HymnbookFiles/Output/Lilypond/OnePage/OnePage.ly:63:39: warning: Ignoring non-music expression
            \context Voice = AVoiceRH 
                                      \GZZDDxBMusicRH
C:/AmharicHymnbook/HymnbookFiles/Output/Lilypond/OnePage/OnePage.ly:75:39: error: syntax error, unexpected SCM_IDENTIFIER
            \context Voice = AVoiceLH 
                                      \GZZDDxBMusicLH
C:/AmharicHymnbook/HymnbookFiles/Output/Lilypond/OnePage/OnePage.ly:75:39: warning: Ignoring non-music expression
            \context Voice = AVoiceLH 
                                      \GZZDDxBMusicLH
C:/AmharicHymnbook/HymnbookFiles/Output/Lilypond/OnePage/OnePage.ly:57:10: error: errors found, ignoring music expression
\score { 
         <<
fatal error: failed files: "C:\\AmharicHymnbook\\HymnbookFiles\\Output\\Lilypond\\OnePage\\OnePage.ly"
